[2025-11-17 08:47:24,091: INFO: main: Welcome to datascience logging data
[2025-11-18 10:58:13,246: INFO: common: yaml file: config/config.yaml loaded successfully
[2025-11-18 10:58:13,249: INFO: common: yaml file: params.yaml loaded successfully
[2025-11-18 10:58:53,132: INFO: common: yaml file: config/config.yaml loaded successfully
[2025-11-18 10:58:53,133: INFO: common: yaml file: params.yaml loaded successfully
[2025-11-18 10:59:08,792: INFO: common: yaml file: config/config.yaml loaded successfully
[2025-11-18 10:59:08,793: INFO: common: yaml file: params.yaml loaded successfully
[2025-11-18 11:00:52,757: INFO: common: yaml file: config/config.yaml loaded successfully
[2025-11-18 11:00:52,759: INFO: common: yaml file: params.yaml loaded successfully
[2025-11-18 11:01:02,352: INFO: common: yaml file: config/config.yaml loaded successfully
[2025-11-18 11:01:02,354: INFO: common: yaml file: params.yaml loaded successfully
[2025-11-18 11:01:24,518: INFO: common: yaml file: config/config.yaml loaded successfully
[2025-11-18 11:01:24,518: INFO: common: yaml file: params.yaml loaded successfully
[2025-11-18 11:01:26,798: INFO: common: yaml file: config/config.yaml loaded successfully
[2025-11-18 11:01:26,799: INFO: common: yaml file: params.yaml loaded successfully
[2025-11-18 11:02:05,663: INFO: common: yaml file: config/config.yaml loaded successfully
[2025-11-18 11:02:05,664: INFO: common: yaml file: params.yaml loaded successfully
[2025-11-18 11:02:05,665: INFO: common: yaml file: schema.yaml loaded successfully
[2025-11-18 11:02:05,666: INFO: common: Created directory at: artifacts
[2025-11-18 11:02:05,667: INFO: common: Created directory at: artifacts/data_ingestion
[2025-11-18 11:02:06,185: INFO: 1269263625: artifacts/data_ingestion/data.zip downloaded with following info: 
Connection: close
Content-Length: 23329
Cache-Control: max-age=300
Content-Security-Policy: default-src 'none'; style-src 'unsafe-inline'; sandbox
Content-Type: application/zip
ETag: "c69888a4ae59bc5a893392785a938ccd4937981c06ba8a9d6a21aa52b4ab5b6e"
Strict-Transport-Security: max-age=31536000
X-Content-Type-Options: nosniff
X-Frame-Options: deny
X-XSS-Protection: 1; mode=block
X-GitHub-Request-Id: 6A11:2AC468:2747D7:2C7CFA:691C9879
Accept-Ranges: bytes
Date: Tue, 18 Nov 2025 16:02:06 GMT
Via: 1.1 varnish
X-Served-By: cache-cmh1290049-CMH
X-Cache: MISS
X-Cache-Hits: 0
X-Timer: S1763481726.103573,VS0,VE84
Vary: Authorization,Accept-Encoding
Access-Control-Allow-Origin: *
Cross-Origin-Resource-Policy: cross-origin
X-Fastly-Request-ID: ee1482a3e48c53e82bc67f6931ffe2caac435226
Expires: Tue, 18 Nov 2025 16:07:06 GMT
Source-Age: 0


[2025-11-18 13:40:24,872: INFO: common: yaml file: config/config.yaml loaded successfully
[2025-11-18 13:40:24,874: INFO: common: yaml file: params.yaml loaded successfully
[2025-11-18 13:40:24,875: INFO: common: yaml file: schema.yaml loaded successfully
[2025-11-18 13:40:24,875: INFO: common: Created directory at: artifacts
[2025-11-18 13:40:24,876: INFO: common: Created directory at: artifacts/data_ingestion
[2025-11-18 13:40:24,876: INFO: 3027209824: File already exists
[2025-11-18 14:00:21,896: INFO: main: Welcome to datascience logging data
[2025-11-18 14:57:48,155: INFO: main: >>>>>>>>>> Stage Data Ingestion Stage started <<<<<<<<<<
[2025-11-18 14:57:48,156: INFO: common: yaml file: config/config.yaml loaded successfully
[2025-11-18 14:57:48,157: INFO: common: yaml file: params.yaml loaded successfully
[2025-11-18 14:57:48,157: INFO: common: yaml file: schema.yaml loaded successfully
[2025-11-18 14:57:48,157: INFO: common: Created directory at: artifacts
[2025-11-18 14:57:48,157: INFO: common: Created directory at: artifacts/data_ingestion
[2025-11-18 14:57:48,157: INFO: data_ingestion: File already exists
[2025-11-18 14:57:48,159: INFO: main: >>>>>>>>>> Stage Data Ingestion Stage completed <<<<<<<<<<

x==========x
[2025-11-18 19:22:59,436: INFO: common: yaml file: config/config.yaml loaded successfully
[2025-11-18 19:22:59,438: INFO: common: yaml file: params.yaml loaded successfully
[2025-11-18 19:22:59,440: INFO: common: yaml file: schema.yaml loaded successfully
[2025-11-18 19:22:59,441: INFO: common: Created directory at: artifacts
[2025-11-18 19:22:59,441: INFO: common: Created directory at: artifacts/data_validation
[2025-11-18 19:24:31,822: INFO: common: yaml file: config/config.yaml loaded successfully
[2025-11-18 19:24:31,825: INFO: common: yaml file: params.yaml loaded successfully
[2025-11-18 19:24:31,827: INFO: common: yaml file: schema.yaml loaded successfully
[2025-11-18 19:24:31,828: INFO: common: Created directory at: artifacts
[2025-11-18 19:24:31,828: INFO: common: Created directory at: artifacts/data_validation
[2025-11-18 19:27:24,485: INFO: common: yaml file: config/config.yaml loaded successfully
[2025-11-18 19:27:24,488: INFO: common: yaml file: params.yaml loaded successfully
[2025-11-18 19:27:24,490: INFO: common: yaml file: schema.yaml loaded successfully
[2025-11-18 19:27:24,491: INFO: common: Created directory at: artifacts
[2025-11-18 19:27:24,492: INFO: common: Created directory at: artifacts/data_validation
[2025-11-18 19:31:47,390: INFO: common: yaml file: config/config.yaml loaded successfully
[2025-11-18 19:31:47,392: INFO: common: yaml file: params.yaml loaded successfully
[2025-11-18 19:31:47,394: INFO: common: yaml file: schema.yaml loaded successfully
[2025-11-18 19:31:47,395: INFO: common: Created directory at: artifacts
[2025-11-18 19:31:47,395: INFO: common: Created directory at: artifacts/data_validation
[2025-11-18 19:38:14,801: INFO: common: yaml file: config/config.yaml loaded successfully
[2025-11-18 19:38:14,802: INFO: common: yaml file: params.yaml loaded successfully
[2025-11-18 19:38:14,804: INFO: common: yaml file: schema.yaml loaded successfully
[2025-11-18 19:38:14,804: INFO: common: Created directory at: artifacts
[2025-11-18 19:38:14,805: INFO: common: Created directory at: artifacts/data_validation
[2025-11-18 19:38:16,319: INFO: common: yaml file: config/config.yaml loaded successfully
[2025-11-18 19:38:16,321: INFO: common: yaml file: params.yaml loaded successfully
[2025-11-18 19:38:16,323: INFO: common: yaml file: schema.yaml loaded successfully
[2025-11-18 19:38:16,324: INFO: common: Created directory at: artifacts
[2025-11-18 19:38:16,325: INFO: common: Created directory at: artifacts/data_validation
[2025-11-18 19:45:32,690: INFO: common: yaml file: config/config.yaml loaded successfully
[2025-11-18 19:45:32,693: INFO: common: yaml file: params.yaml loaded successfully
[2025-11-18 19:45:32,695: INFO: common: yaml file: schema.yaml loaded successfully
[2025-11-18 19:45:32,696: INFO: common: Created directory at: artifacts
[2025-11-18 19:45:32,697: INFO: common: Created directory at: artifacts/data_validation
[2025-11-18 19:57:22,238: INFO: common: yaml file: config/config.yaml loaded successfully
[2025-11-18 19:57:22,241: INFO: common: yaml file: params.yaml loaded successfully
[2025-11-18 19:57:22,243: INFO: common: yaml file: schema.yaml loaded successfully
[2025-11-18 19:57:22,244: INFO: common: Created directory at: artifacts
[2025-11-18 19:57:22,244: INFO: common: Created directory at: artifacts/data_validation
[2025-11-18 20:37:43,165: INFO: main: >>>>>>>>>> Stage Data Ingestion Stage started <<<<<<<<<<
[2025-11-18 20:37:43,166: ERROR: main: while scanning for the next token
found character '@' that cannot start any token
  in "config/config.yaml", line 16, column 1
Traceback (most recent call last):
  File "/Users/rajusubba/Documents/MLOpsProject/datascienceproject/main.py", line 9, in <module>
    data_ingestion.initiate_data_ingestion()
  File "/Users/rajusubba/Documents/MLOpsProject/datascienceproject/src/datascience/pipeline/data_ingestion_pipeline.py", line 11, in initiate_data_ingestion
    config=ConfigurationManager()
           ^^^^^^^^^^^^^^^^^^^^^^
  File "/Users/rajusubba/Documents/MLOpsProject/datascienceproject/src/datascience/config/configuration.py", line 9, in __init__
    self.config=read_yaml(config_filepath)
                ^^^^^^^^^^^^^^^^^^^^^^^^^^
  File "/Users/rajusubba/Documents/MLOpsProject/datascienceproject/venv/lib/python3.11/site-packages/ensure/main.py", line 872, in __call__
    return_val = self.f(*args, **kwargs)
                 ^^^^^^^^^^^^^^^^^^^^^^^
  File "/Users/rajusubba/Documents/MLOpsProject/datascienceproject/src/datascience/utils/common.py", line 27, in read_yaml
    content = yaml.safe_load(yaml_file)
              ^^^^^^^^^^^^^^^^^^^^^^^^^
  File "/Users/rajusubba/Documents/MLOpsProject/datascienceproject/venv/lib/python3.11/site-packages/yaml/__init__.py", line 125, in safe_load
    return load(stream, SafeLoader)
           ^^^^^^^^^^^^^^^^^^^^^^^^
  File "/Users/rajusubba/Documents/MLOpsProject/datascienceproject/venv/lib/python3.11/site-packages/yaml/__init__.py", line 81, in load
    return loader.get_single_data()
           ^^^^^^^^^^^^^^^^^^^^^^^^
  File "/Users/rajusubba/Documents/MLOpsProject/datascienceproject/venv/lib/python3.11/site-packages/yaml/constructor.py", line 49, in get_single_data
    node = self.get_single_node()
           ^^^^^^^^^^^^^^^^^^^^^^
  File "/Users/rajusubba/Documents/MLOpsProject/datascienceproject/venv/lib/python3.11/site-packages/yaml/composer.py", line 36, in get_single_node
    document = self.compose_document()
               ^^^^^^^^^^^^^^^^^^^^^^^
  File "/Users/rajusubba/Documents/MLOpsProject/datascienceproject/venv/lib/python3.11/site-packages/yaml/composer.py", line 55, in compose_document
    node = self.compose_node(None, None)
           ^^^^^^^^^^^^^^^^^^^^^^^^^^^^^
  File "/Users/rajusubba/Documents/MLOpsProject/datascienceproject/venv/lib/python3.11/site-packages/yaml/composer.py", line 84, in compose_node
    node = self.compose_mapping_node(anchor)
           ^^^^^^^^^^^^^^^^^^^^^^^^^^^^^^^^^
  File "/Users/rajusubba/Documents/MLOpsProject/datascienceproject/venv/lib/python3.11/site-packages/yaml/composer.py", line 133, in compose_mapping_node
    item_value = self.compose_node(node, item_key)
                 ^^^^^^^^^^^^^^^^^^^^^^^^^^^^^^^^^
  File "/Users/rajusubba/Documents/MLOpsProject/datascienceproject/venv/lib/python3.11/site-packages/yaml/composer.py", line 84, in compose_node
    node = self.compose_mapping_node(anchor)
           ^^^^^^^^^^^^^^^^^^^^^^^^^^^^^^^^^
  File "/Users/rajusubba/Documents/MLOpsProject/datascienceproject/venv/lib/python3.11/site-packages/yaml/composer.py", line 127, in compose_mapping_node
    while not self.check_event(MappingEndEvent):
              ^^^^^^^^^^^^^^^^^^^^^^^^^^^^^^^^^
  File "/Users/rajusubba/Documents/MLOpsProject/datascienceproject/venv/lib/python3.11/site-packages/yaml/parser.py", line 98, in check_event
    self.current_event = self.state()
                         ^^^^^^^^^^^^
  File "/Users/rajusubba/Documents/MLOpsProject/datascienceproject/venv/lib/python3.11/site-packages/yaml/parser.py", line 428, in parse_block_mapping_key
    if self.check_token(KeyToken):
       ^^^^^^^^^^^^^^^^^^^^^^^^^^
  File "/Users/rajusubba/Documents/MLOpsProject/datascienceproject/venv/lib/python3.11/site-packages/yaml/scanner.py", line 116, in check_token
    self.fetch_more_tokens()
  File "/Users/rajusubba/Documents/MLOpsProject/datascienceproject/venv/lib/python3.11/site-packages/yaml/scanner.py", line 258, in fetch_more_tokens
    raise ScannerError("while scanning for the next token", None,
yaml.scanner.ScannerError: while scanning for the next token
found character '@' that cannot start any token
  in "config/config.yaml", line 16, column 1
[2025-11-18 20:38:04,261: INFO: main: >>>>>>>>>> Stage Data Ingestion Stage started <<<<<<<<<<
[2025-11-18 20:38:04,262: ERROR: main: while scanning for the next token
found character '@' that cannot start any token
  in "config/config.yaml", line 16, column 1
Traceback (most recent call last):
  File "/Users/rajusubba/Documents/MLOpsProject/datascienceproject/main.py", line 9, in <module>
    data_ingestion.initiate_data_ingestion()
  File "/Users/rajusubba/Documents/MLOpsProject/datascienceproject/src/datascience/pipeline/data_ingestion_pipeline.py", line 11, in initiate_data_ingestion
    config=ConfigurationManager()
           ^^^^^^^^^^^^^^^^^^^^^^
  File "/Users/rajusubba/Documents/MLOpsProject/datascienceproject/src/datascience/config/configuration.py", line 9, in __init__
    self.config=read_yaml(config_filepath)
                ^^^^^^^^^^^^^^^^^^^^^^^^^^
  File "/Users/rajusubba/Documents/MLOpsProject/datascienceproject/venv/lib/python3.11/site-packages/ensure/main.py", line 872, in __call__
    return_val = self.f(*args, **kwargs)
                 ^^^^^^^^^^^^^^^^^^^^^^^
  File "/Users/rajusubba/Documents/MLOpsProject/datascienceproject/src/datascience/utils/common.py", line 27, in read_yaml
    content = yaml.safe_load(yaml_file)
              ^^^^^^^^^^^^^^^^^^^^^^^^^
  File "/Users/rajusubba/Documents/MLOpsProject/datascienceproject/venv/lib/python3.11/site-packages/yaml/__init__.py", line 125, in safe_load
    return load(stream, SafeLoader)
           ^^^^^^^^^^^^^^^^^^^^^^^^
  File "/Users/rajusubba/Documents/MLOpsProject/datascienceproject/venv/lib/python3.11/site-packages/yaml/__init__.py", line 81, in load
    return loader.get_single_data()
           ^^^^^^^^^^^^^^^^^^^^^^^^
  File "/Users/rajusubba/Documents/MLOpsProject/datascienceproject/venv/lib/python3.11/site-packages/yaml/constructor.py", line 49, in get_single_data
    node = self.get_single_node()
           ^^^^^^^^^^^^^^^^^^^^^^
  File "/Users/rajusubba/Documents/MLOpsProject/datascienceproject/venv/lib/python3.11/site-packages/yaml/composer.py", line 36, in get_single_node
    document = self.compose_document()
               ^^^^^^^^^^^^^^^^^^^^^^^
  File "/Users/rajusubba/Documents/MLOpsProject/datascienceproject/venv/lib/python3.11/site-packages/yaml/composer.py", line 55, in compose_document
    node = self.compose_node(None, None)
           ^^^^^^^^^^^^^^^^^^^^^^^^^^^^^
  File "/Users/rajusubba/Documents/MLOpsProject/datascienceproject/venv/lib/python3.11/site-packages/yaml/composer.py", line 84, in compose_node
    node = self.compose_mapping_node(anchor)
           ^^^^^^^^^^^^^^^^^^^^^^^^^^^^^^^^^
  File "/Users/rajusubba/Documents/MLOpsProject/datascienceproject/venv/lib/python3.11/site-packages/yaml/composer.py", line 133, in compose_mapping_node
    item_value = self.compose_node(node, item_key)
                 ^^^^^^^^^^^^^^^^^^^^^^^^^^^^^^^^^
  File "/Users/rajusubba/Documents/MLOpsProject/datascienceproject/venv/lib/python3.11/site-packages/yaml/composer.py", line 84, in compose_node
    node = self.compose_mapping_node(anchor)
           ^^^^^^^^^^^^^^^^^^^^^^^^^^^^^^^^^
  File "/Users/rajusubba/Documents/MLOpsProject/datascienceproject/venv/lib/python3.11/site-packages/yaml/composer.py", line 127, in compose_mapping_node
    while not self.check_event(MappingEndEvent):
              ^^^^^^^^^^^^^^^^^^^^^^^^^^^^^^^^^
  File "/Users/rajusubba/Documents/MLOpsProject/datascienceproject/venv/lib/python3.11/site-packages/yaml/parser.py", line 98, in check_event
    self.current_event = self.state()
                         ^^^^^^^^^^^^
  File "/Users/rajusubba/Documents/MLOpsProject/datascienceproject/venv/lib/python3.11/site-packages/yaml/parser.py", line 428, in parse_block_mapping_key
    if self.check_token(KeyToken):
       ^^^^^^^^^^^^^^^^^^^^^^^^^^
  File "/Users/rajusubba/Documents/MLOpsProject/datascienceproject/venv/lib/python3.11/site-packages/yaml/scanner.py", line 116, in check_token
    self.fetch_more_tokens()
  File "/Users/rajusubba/Documents/MLOpsProject/datascienceproject/venv/lib/python3.11/site-packages/yaml/scanner.py", line 258, in fetch_more_tokens
    raise ScannerError("while scanning for the next token", None,
yaml.scanner.ScannerError: while scanning for the next token
found character '@' that cannot start any token
  in "config/config.yaml", line 16, column 1
[2025-11-18 20:39:30,250: INFO: main: >>>>>>>>>> Stage Data Ingestion Stage started <<<<<<<<<<
[2025-11-18 20:39:30,250: ERROR: main: while scanning for the next token
found character '@' that cannot start any token
  in "config/config.yaml", line 16, column 1
Traceback (most recent call last):
  File "/Users/rajusubba/Documents/MLOpsProject/datascienceproject/main.py", line 9, in <module>
    data_ingestion.initiate_data_ingestion()
  File "/Users/rajusubba/Documents/MLOpsProject/datascienceproject/src/datascience/pipeline/data_ingestion_pipeline.py", line 11, in initiate_data_ingestion
    config=ConfigurationManager()
           ^^^^^^^^^^^^^^^^^^^^^^
  File "/Users/rajusubba/Documents/MLOpsProject/datascienceproject/src/datascience/config/configuration.py", line 9, in __init__
    self.config=read_yaml(config_filepath)
                ^^^^^^^^^^^^^^^^^^^^^^^^^^
  File "/Users/rajusubba/Documents/MLOpsProject/datascienceproject/venv/lib/python3.11/site-packages/ensure/main.py", line 872, in __call__
    return_val = self.f(*args, **kwargs)
                 ^^^^^^^^^^^^^^^^^^^^^^^
  File "/Users/rajusubba/Documents/MLOpsProject/datascienceproject/src/datascience/utils/common.py", line 27, in read_yaml
    content = yaml.safe_load(yaml_file)
              ^^^^^^^^^^^^^^^^^^^^^^^^^
  File "/Users/rajusubba/Documents/MLOpsProject/datascienceproject/venv/lib/python3.11/site-packages/yaml/__init__.py", line 125, in safe_load
    return load(stream, SafeLoader)
           ^^^^^^^^^^^^^^^^^^^^^^^^
  File "/Users/rajusubba/Documents/MLOpsProject/datascienceproject/venv/lib/python3.11/site-packages/yaml/__init__.py", line 81, in load
    return loader.get_single_data()
           ^^^^^^^^^^^^^^^^^^^^^^^^
  File "/Users/rajusubba/Documents/MLOpsProject/datascienceproject/venv/lib/python3.11/site-packages/yaml/constructor.py", line 49, in get_single_data
    node = self.get_single_node()
           ^^^^^^^^^^^^^^^^^^^^^^
  File "/Users/rajusubba/Documents/MLOpsProject/datascienceproject/venv/lib/python3.11/site-packages/yaml/composer.py", line 36, in get_single_node
    document = self.compose_document()
               ^^^^^^^^^^^^^^^^^^^^^^^
  File "/Users/rajusubba/Documents/MLOpsProject/datascienceproject/venv/lib/python3.11/site-packages/yaml/composer.py", line 55, in compose_document
    node = self.compose_node(None, None)
           ^^^^^^^^^^^^^^^^^^^^^^^^^^^^^
  File "/Users/rajusubba/Documents/MLOpsProject/datascienceproject/venv/lib/python3.11/site-packages/yaml/composer.py", line 84, in compose_node
    node = self.compose_mapping_node(anchor)
           ^^^^^^^^^^^^^^^^^^^^^^^^^^^^^^^^^
  File "/Users/rajusubba/Documents/MLOpsProject/datascienceproject/venv/lib/python3.11/site-packages/yaml/composer.py", line 133, in compose_mapping_node
    item_value = self.compose_node(node, item_key)
                 ^^^^^^^^^^^^^^^^^^^^^^^^^^^^^^^^^
  File "/Users/rajusubba/Documents/MLOpsProject/datascienceproject/venv/lib/python3.11/site-packages/yaml/composer.py", line 84, in compose_node
    node = self.compose_mapping_node(anchor)
           ^^^^^^^^^^^^^^^^^^^^^^^^^^^^^^^^^
  File "/Users/rajusubba/Documents/MLOpsProject/datascienceproject/venv/lib/python3.11/site-packages/yaml/composer.py", line 127, in compose_mapping_node
    while not self.check_event(MappingEndEvent):
              ^^^^^^^^^^^^^^^^^^^^^^^^^^^^^^^^^
  File "/Users/rajusubba/Documents/MLOpsProject/datascienceproject/venv/lib/python3.11/site-packages/yaml/parser.py", line 98, in check_event
    self.current_event = self.state()
                         ^^^^^^^^^^^^
  File "/Users/rajusubba/Documents/MLOpsProject/datascienceproject/venv/lib/python3.11/site-packages/yaml/parser.py", line 428, in parse_block_mapping_key
    if self.check_token(KeyToken):
       ^^^^^^^^^^^^^^^^^^^^^^^^^^
  File "/Users/rajusubba/Documents/MLOpsProject/datascienceproject/venv/lib/python3.11/site-packages/yaml/scanner.py", line 116, in check_token
    self.fetch_more_tokens()
  File "/Users/rajusubba/Documents/MLOpsProject/datascienceproject/venv/lib/python3.11/site-packages/yaml/scanner.py", line 258, in fetch_more_tokens
    raise ScannerError("while scanning for the next token", None,
yaml.scanner.ScannerError: while scanning for the next token
found character '@' that cannot start any token
  in "config/config.yaml", line 16, column 1
[2025-11-18 20:41:21,546: INFO: <ipython-input-2-c72faddeeccf>: >>>>>>>>>> Stage Data Ingestion Stage started <<<<<<<<<<
[2025-11-18 20:41:21,547: ERROR: <ipython-input-2-c72faddeeccf>: while scanning for the next token
found character '@' that cannot start any token
  in "config/config.yaml", line 16, column 1
Traceback (most recent call last):
  File "<ipython-input-2-c72faddeeccf>", line 10, in <module>
    data_ingestion.initiate_data_ingestion()
  File "/Users/rajusubba/Documents/MLOpsProject/datascienceproject/src/datascience/pipeline/data_ingestion_pipeline.py", line 11, in initiate_data_ingestion
    config=ConfigurationManager()
           ^^^^^^^^^^^^^^^^^^^^^^
  File "/Users/rajusubba/Documents/MLOpsProject/datascienceproject/src/datascience/config/configuration.py", line 9, in __init__
    self.config=read_yaml(config_filepath)
                ^^^^^^^^^^^^^^^^^^^^^^^^^^
  File "/Users/rajusubba/Documents/MLOpsProject/datascienceproject/venv/lib/python3.11/site-packages/ensure/main.py", line 872, in __call__
    return_val = self.f(*args, **kwargs)
                 ^^^^^^^^^^^^^^^^^^^^^^^
  File "/Users/rajusubba/Documents/MLOpsProject/datascienceproject/src/datascience/utils/common.py", line 27, in read_yaml
    content = yaml.safe_load(yaml_file)
              ^^^^^^^^^^^^^^^^^^^^^^^^^
  File "/Users/rajusubba/Documents/MLOpsProject/datascienceproject/venv/lib/python3.11/site-packages/yaml/__init__.py", line 125, in safe_load
    return load(stream, SafeLoader)
           ^^^^^^^^^^^^^^^^^^^^^^^^
  File "/Users/rajusubba/Documents/MLOpsProject/datascienceproject/venv/lib/python3.11/site-packages/yaml/__init__.py", line 81, in load
    return loader.get_single_data()
           ^^^^^^^^^^^^^^^^^^^^^^^^
  File "/Users/rajusubba/Documents/MLOpsProject/datascienceproject/venv/lib/python3.11/site-packages/yaml/constructor.py", line 49, in get_single_data
    node = self.get_single_node()
           ^^^^^^^^^^^^^^^^^^^^^^
  File "/Users/rajusubba/Documents/MLOpsProject/datascienceproject/venv/lib/python3.11/site-packages/yaml/composer.py", line 36, in get_single_node
    document = self.compose_document()
               ^^^^^^^^^^^^^^^^^^^^^^^
  File "/Users/rajusubba/Documents/MLOpsProject/datascienceproject/venv/lib/python3.11/site-packages/yaml/composer.py", line 55, in compose_document
    node = self.compose_node(None, None)
           ^^^^^^^^^^^^^^^^^^^^^^^^^^^^^
  File "/Users/rajusubba/Documents/MLOpsProject/datascienceproject/venv/lib/python3.11/site-packages/yaml/composer.py", line 84, in compose_node
    node = self.compose_mapping_node(anchor)
           ^^^^^^^^^^^^^^^^^^^^^^^^^^^^^^^^^
  File "/Users/rajusubba/Documents/MLOpsProject/datascienceproject/venv/lib/python3.11/site-packages/yaml/composer.py", line 133, in compose_mapping_node
    item_value = self.compose_node(node, item_key)
                 ^^^^^^^^^^^^^^^^^^^^^^^^^^^^^^^^^
  File "/Users/rajusubba/Documents/MLOpsProject/datascienceproject/venv/lib/python3.11/site-packages/yaml/composer.py", line 84, in compose_node
    node = self.compose_mapping_node(anchor)
           ^^^^^^^^^^^^^^^^^^^^^^^^^^^^^^^^^
  File "/Users/rajusubba/Documents/MLOpsProject/datascienceproject/venv/lib/python3.11/site-packages/yaml/composer.py", line 127, in compose_mapping_node
    while not self.check_event(MappingEndEvent):
              ^^^^^^^^^^^^^^^^^^^^^^^^^^^^^^^^^
  File "/Users/rajusubba/Documents/MLOpsProject/datascienceproject/venv/lib/python3.11/site-packages/yaml/parser.py", line 98, in check_event
    self.current_event = self.state()
                         ^^^^^^^^^^^^
  File "/Users/rajusubba/Documents/MLOpsProject/datascienceproject/venv/lib/python3.11/site-packages/yaml/parser.py", line 428, in parse_block_mapping_key
    if self.check_token(KeyToken):
       ^^^^^^^^^^^^^^^^^^^^^^^^^^
  File "/Users/rajusubba/Documents/MLOpsProject/datascienceproject/venv/lib/python3.11/site-packages/yaml/scanner.py", line 116, in check_token
    self.fetch_more_tokens()
  File "/Users/rajusubba/Documents/MLOpsProject/datascienceproject/venv/lib/python3.11/site-packages/yaml/scanner.py", line 258, in fetch_more_tokens
    raise ScannerError("while scanning for the next token", None,
yaml.scanner.ScannerError: while scanning for the next token
found character '@' that cannot start any token
  in "config/config.yaml", line 16, column 1
[2025-11-18 20:46:25,310: INFO: main: >>>>>>>>>> Stage Data Ingestion Stage started <<<<<<<<<<
[2025-11-18 20:46:25,311: INFO: common: yaml file: config/config.yaml loaded successfully
[2025-11-18 20:46:25,311: INFO: common: yaml file: params.yaml loaded successfully
[2025-11-18 20:46:25,312: INFO: common: yaml file: schema.yaml loaded successfully
[2025-11-18 20:46:25,312: INFO: common: Created directory at: artifacts
[2025-11-18 20:46:25,312: INFO: common: Created directory at: artifacts/data_ingestion
[2025-11-18 20:46:25,312: INFO: data_ingestion: File already exists
[2025-11-18 20:46:25,315: INFO: main: >>>>>>>>>> Stage Data Ingestion Stage completed <<<<<<<<<<

x==========x
[2025-11-18 20:46:25,315: INFO: main: >>>>>>>>>> Stage Data Validation Stage started <<<<<<<<<<
[2025-11-18 20:46:25,315: ERROR: main: 'DataValidationTrainingPipeline' object has no attribute 'initiatee_data_validation'
Traceback (most recent call last):
  File "/Users/rajusubba/Documents/MLOpsProject/datascienceproject/main.py", line 21, in <module>
    data_validation_pipeline.initiatee_data_validation()
    ^^^^^^^^^^^^^^^^^^^^^^^^^^^^^^^^^^^^^^^^^^^^^^^^^^
AttributeError: 'DataValidationTrainingPipeline' object has no attribute 'initiatee_data_validation'
[2025-11-18 20:49:02,084: INFO: main: >>>>>>>>>> Stage Data Ingestion Stage started <<<<<<<<<<
[2025-11-18 20:49:02,085: INFO: common: yaml file: config/config.yaml loaded successfully
[2025-11-18 20:49:02,086: INFO: common: yaml file: params.yaml loaded successfully
[2025-11-18 20:49:02,087: INFO: common: yaml file: schema.yaml loaded successfully
[2025-11-18 20:49:02,087: INFO: common: Created directory at: artifacts
[2025-11-18 20:49:02,087: INFO: common: Created directory at: artifacts/data_ingestion
[2025-11-18 20:49:02,087: INFO: data_ingestion: File already exists
[2025-11-18 20:49:02,088: INFO: main: >>>>>>>>>> Stage Data Ingestion Stage completed <<<<<<<<<<

x==========x
[2025-11-18 20:49:02,088: INFO: main: >>>>>>>>>> Stage Data Validation Stage started <<<<<<<<<<
[2025-11-18 20:49:02,088: ERROR: main: 'DataValidationTrainingPipeline' object has no attribute 'initiate_data_validation'
Traceback (most recent call last):
  File "/Users/rajusubba/Documents/MLOpsProject/datascienceproject/main.py", line 21, in <module>
    data_validation_pipeline.initiate_data_validation()
    ^^^^^^^^^^^^^^^^^^^^^^^^^^^^^^^^^^^^^^^^^^^^^^^^^
AttributeError: 'DataValidationTrainingPipeline' object has no attribute 'initiate_data_validation'
[2025-11-18 20:50:11,050: INFO: main: >>>>>>>>>> Stage Data Ingestion Stage started <<<<<<<<<<
[2025-11-18 20:50:11,051: INFO: common: yaml file: config/config.yaml loaded successfully
[2025-11-18 20:50:11,052: INFO: common: yaml file: params.yaml loaded successfully
[2025-11-18 20:50:11,052: INFO: common: yaml file: schema.yaml loaded successfully
[2025-11-18 20:50:11,052: INFO: common: Created directory at: artifacts
[2025-11-18 20:50:11,052: INFO: common: Created directory at: artifacts/data_ingestion
[2025-11-18 20:50:11,053: INFO: data_ingestion: File already exists
[2025-11-18 20:50:11,054: INFO: main: >>>>>>>>>> Stage Data Ingestion Stage completed <<<<<<<<<<

x==========x
[2025-11-18 20:50:11,054: INFO: main: >>>>>>>>>> Stage Data Validation Stage started <<<<<<<<<<
[2025-11-18 20:50:11,054: ERROR: main: 'DataValidationTrainingPipeline' object has no attribute 'initiate_data_validation'
Traceback (most recent call last):
  File "/Users/rajusubba/Documents/MLOpsProject/datascienceproject/main.py", line 21, in <module>
    data_validation_pipeline.initiate_data_validation()
    ^^^^^^^^^^^^^^^^^^^^^^^^^^^^^^^^^^^^^^^^^^^^^^^^^
AttributeError: 'DataValidationTrainingPipeline' object has no attribute 'initiate_data_validation'
[2025-11-18 20:53:30,066: INFO: main: >>>>>>>>>> Stage Data Ingestion Stage started <<<<<<<<<<
[2025-11-18 20:53:30,067: INFO: common: yaml file: config/config.yaml loaded successfully
[2025-11-18 20:53:30,067: INFO: common: yaml file: params.yaml loaded successfully
[2025-11-18 20:53:30,068: INFO: common: yaml file: schema.yaml loaded successfully
[2025-11-18 20:53:30,068: INFO: common: Created directory at: artifacts
[2025-11-18 20:53:30,068: INFO: common: Created directory at: artifacts/data_ingestion
[2025-11-18 20:53:30,068: INFO: data_ingestion: File already exists
[2025-11-18 20:53:30,069: INFO: main: >>>>>>>>>> Stage Data Ingestion Stage completed <<<<<<<<<<

x==========x
[2025-11-18 20:53:30,069: INFO: main: >>>>>>>>>> Stage Data Validation Stage started <<<<<<<<<<
[2025-11-18 20:53:30,069: ERROR: main: 'DataValidationTrainingPipeline' object has no attribute 'initiate_data_validation'
Traceback (most recent call last):
  File "/Users/rajusubba/Documents/MLOpsProject/datascienceproject/main.py", line 21, in <module>
    data_validation_pipeline.initiate_data_validation()
    ^^^^^^^^^^^^^^^^^^^^^^^^^^^^^^^^^^^^^^^^^^^^^^^^^
AttributeError: 'DataValidationTrainingPipeline' object has no attribute 'initiate_data_validation'
[2025-11-18 20:56:09,447: INFO: main: >>>>>>>>>> Stage Data Ingestion Stage started <<<<<<<<<<
[2025-11-18 20:56:09,448: INFO: common: yaml file: config/config.yaml loaded successfully
[2025-11-18 20:56:09,448: INFO: common: yaml file: params.yaml loaded successfully
[2025-11-18 20:56:09,449: INFO: common: yaml file: schema.yaml loaded successfully
[2025-11-18 20:56:09,449: INFO: common: Created directory at: artifacts
[2025-11-18 20:56:09,449: INFO: common: Created directory at: artifacts/data_ingestion
[2025-11-18 20:56:09,449: INFO: data_ingestion: File already exists
[2025-11-18 20:56:09,451: INFO: main: >>>>>>>>>> Stage Data Ingestion Stage completed <<<<<<<<<<

x==========x
[2025-11-18 20:56:09,451: INFO: main: >>>>>>>>>> Stage Data Validation Stage started <<<<<<<<<<
[2025-11-18 20:56:09,451: INFO: common: yaml file: config/config.yaml loaded successfully
[2025-11-18 20:56:09,452: INFO: common: yaml file: params.yaml loaded successfully
[2025-11-18 20:56:09,452: INFO: common: yaml file: schema.yaml loaded successfully
[2025-11-18 20:56:09,452: INFO: common: Created directory at: artifacts
[2025-11-18 20:56:09,453: INFO: common: Created directory at: artifacts/data_validation
[2025-11-18 20:56:09,457: INFO: main: >>>>>>>>>> Stage Data Validation Stage completed <<<<<<<<<<

x==========x
[2025-11-18 21:08:36,304: INFO: main: >>>>>>>>>> Stage Data Ingestion Stage started <<<<<<<<<<
[2025-11-18 21:08:36,305: INFO: common: yaml file: config/config.yaml loaded successfully
[2025-11-18 21:08:36,306: INFO: common: yaml file: params.yaml loaded successfully
[2025-11-18 21:08:36,307: INFO: common: yaml file: schema.yaml loaded successfully
[2025-11-18 21:08:36,307: INFO: common: Created directory at: artifacts
[2025-11-18 21:08:36,307: INFO: common: Created directory at: artifacts/data_ingestion
[2025-11-18 21:08:36,307: INFO: data_ingestion: File already exists
[2025-11-18 21:08:36,308: INFO: main: >>>>>>>>>> Stage Data Ingestion Stage completed <<<<<<<<<<

x==========x
[2025-11-18 21:08:36,308: INFO: main: >>>>>>>>>> Stage Data Validation Stage started <<<<<<<<<<
[2025-11-18 21:08:36,309: INFO: common: yaml file: config/config.yaml loaded successfully
[2025-11-18 21:08:36,309: INFO: common: yaml file: params.yaml loaded successfully
[2025-11-18 21:08:36,309: INFO: common: yaml file: schema.yaml loaded successfully
[2025-11-18 21:08:36,310: INFO: common: Created directory at: artifacts
[2025-11-18 21:08:36,310: INFO: common: Created directory at: artifacts/data_validation
[2025-11-18 21:08:36,313: INFO: main: >>>>>>>>>> Stage Data Validation Stage completed <<<<<<<<<<

x==========x
[2025-11-19 10:35:04,281: INFO: common: yaml file: config/config.yaml loaded successfully
[2025-11-19 10:35:04,287: INFO: common: yaml file: params.yaml loaded successfully
[2025-11-19 10:35:04,289: INFO: common: yaml file: schema.yaml loaded successfully
[2025-11-19 10:35:04,291: INFO: common: Created directory at: artifacts
[2025-11-19 10:35:04,293: INFO: common: Created directory at: artifacts/data_transformation
[2025-11-19 10:35:17,020: INFO: common: yaml file: config/config.yaml loaded successfully
[2025-11-19 10:35:17,021: INFO: common: yaml file: params.yaml loaded successfully
[2025-11-19 10:35:17,022: INFO: common: yaml file: schema.yaml loaded successfully
[2025-11-19 10:35:17,023: INFO: common: Created directory at: artifacts
[2025-11-19 10:35:17,023: INFO: common: Created directory at: artifacts/data_transformation
[2025-11-19 10:36:39,748: INFO: common: yaml file: config/config.yaml loaded successfully
[2025-11-19 10:36:39,750: INFO: common: yaml file: params.yaml loaded successfully
[2025-11-19 10:36:39,752: INFO: common: yaml file: schema.yaml loaded successfully
[2025-11-19 10:36:39,752: INFO: common: Created directory at: artifacts
[2025-11-19 10:36:39,753: INFO: common: Created directory at: artifacts/data_transformation
[2025-11-19 10:36:46,305: INFO: common: yaml file: config/config.yaml loaded successfully
[2025-11-19 10:36:46,306: INFO: common: yaml file: params.yaml loaded successfully
[2025-11-19 10:36:46,307: INFO: common: yaml file: schema.yaml loaded successfully
[2025-11-19 10:36:46,308: INFO: common: Created directory at: artifacts
[2025-11-19 10:36:46,309: INFO: common: Created directory at: artifacts/data_transformation
[2025-11-19 10:38:24,742: INFO: common: yaml file: config/config.yaml loaded successfully
[2025-11-19 10:38:24,744: INFO: common: yaml file: params.yaml loaded successfully
[2025-11-19 10:38:24,745: INFO: common: yaml file: schema.yaml loaded successfully
[2025-11-19 10:38:24,746: INFO: common: Created directory at: artifacts
[2025-11-19 10:38:24,746: INFO: common: Created directory at: artifacts/data_transformation
[2025-11-19 10:38:24,780: INFO: 923443837: Splitted data into training and testingsets
[2025-11-19 10:38:24,781: INFO: 923443837: (1199, 12)
[2025-11-19 10:38:24,781: INFO: 923443837: (400, 12)
[2025-11-19 11:21:17,787: INFO: main: >>>>>>>>>> Stage Data Ingestion Stage started <<<<<<<<<<
[2025-11-19 11:21:17,789: INFO: common: yaml file: config/config.yaml loaded successfully
[2025-11-19 11:21:17,789: INFO: common: yaml file: params.yaml loaded successfully
[2025-11-19 11:21:17,790: INFO: common: yaml file: schema.yaml loaded successfully
[2025-11-19 11:21:17,790: INFO: common: Created directory at: artifacts
[2025-11-19 11:21:17,790: INFO: common: Created directory at: artifacts/data_ingestion
[2025-11-19 11:21:17,790: INFO: data_ingestion: File already exists
[2025-11-19 11:21:17,793: INFO: main: >>>>>>>>>> Stage Data Ingestion Stage completed <<<<<<<<<<

x==========x
[2025-11-19 11:21:17,793: INFO: main: >>>>>>>>>> Stage Data Validation Stage started <<<<<<<<<<
[2025-11-19 11:21:17,794: INFO: common: yaml file: config/config.yaml loaded successfully
[2025-11-19 11:21:17,794: INFO: common: yaml file: params.yaml loaded successfully
[2025-11-19 11:21:17,795: INFO: common: yaml file: schema.yaml loaded successfully
[2025-11-19 11:21:17,795: INFO: common: Created directory at: artifacts
[2025-11-19 11:21:17,795: INFO: common: Created directory at: artifacts/data_validation
[2025-11-19 11:21:17,798: INFO: main: >>>>>>>>>> Stage Data Validation Stage completed <<<<<<<<<<

x==========x
[2025-11-19 11:21:17,798: INFO: main: >>>>>>>>>> Stage Data Transformation Stage started <<<<<<<<<<
[2025-11-19 11:21:17,798: ERROR: main: 'DataTransformationPipeline' object has no attribute 'initiate_data_transformation'
Traceback (most recent call last):
  File "/Users/rajusubba/Documents/MLOpsProject/datascienceproject/main.py", line 32, in <module>
    data_transformation_pipeline.initiate_data_transformation()
    ^^^^^^^^^^^^^^^^^^^^^^^^^^^^^^^^^^^^^^^^^^^^^^^^^^^^^^^^^
AttributeError: 'DataTransformationPipeline' object has no attribute 'initiate_data_transformation'
[2025-11-19 11:28:03,656: INFO: main: >>>>>>>>>> Stage Data Ingestion Stage started <<<<<<<<<<
[2025-11-19 11:28:03,659: INFO: common: yaml file: config/config.yaml loaded successfully
[2025-11-19 11:28:03,659: INFO: common: yaml file: params.yaml loaded successfully
[2025-11-19 11:28:03,660: INFO: common: yaml file: schema.yaml loaded successfully
[2025-11-19 11:28:03,660: INFO: common: Created directory at: artifacts
[2025-11-19 11:28:03,660: INFO: common: Created directory at: artifacts/data_ingestion
[2025-11-19 11:28:03,661: INFO: data_ingestion: File already exists
[2025-11-19 11:28:03,663: INFO: main: >>>>>>>>>> Stage Data Ingestion Stage completed <<<<<<<<<<

x==========x
[2025-11-19 11:28:03,663: INFO: main: >>>>>>>>>> Stage Data Validation Stage started <<<<<<<<<<
[2025-11-19 11:28:03,664: INFO: common: yaml file: config/config.yaml loaded successfully
[2025-11-19 11:28:03,664: INFO: common: yaml file: params.yaml loaded successfully
[2025-11-19 11:28:03,664: INFO: common: yaml file: schema.yaml loaded successfully
[2025-11-19 11:28:03,664: INFO: common: Created directory at: artifacts
[2025-11-19 11:28:03,664: INFO: common: Created directory at: artifacts/data_validation
[2025-11-19 11:28:03,668: INFO: main: >>>>>>>>>> Stage Data Validation Stage completed <<<<<<<<<<

x==========x
[2025-11-19 11:28:03,668: INFO: main: >>>>>>>>>> Stage Data Transformation Stage started <<<<<<<<<<
[2025-11-19 11:28:03,668: ERROR: main: 'DataTransformationPipeline' object has no attribute 'initiate_data_transformation'
Traceback (most recent call last):
  File "/Users/rajusubba/Documents/MLOpsProject/datascienceproject/main.py", line 32, in <module>
    data_transformation_pipeline.initiate_data_transformation()
    ^^^^^^^^^^^^^^^^^^^^^^^^^^^^^^^^^^^^^^^^^^^^^^^^^^^^^^^^^
AttributeError: 'DataTransformationPipeline' object has no attribute 'initiate_data_transformation'
[2025-11-19 11:28:19,790: INFO: main: >>>>>>>>>> Stage Data Ingestion Stage started <<<<<<<<<<
[2025-11-19 11:28:19,792: INFO: common: yaml file: config/config.yaml loaded successfully
[2025-11-19 11:28:19,792: INFO: common: yaml file: params.yaml loaded successfully
[2025-11-19 11:28:19,793: INFO: common: yaml file: schema.yaml loaded successfully
[2025-11-19 11:28:19,793: INFO: common: Created directory at: artifacts
[2025-11-19 11:28:19,793: INFO: common: Created directory at: artifacts/data_ingestion
[2025-11-19 11:28:19,793: INFO: data_ingestion: File already exists
[2025-11-19 11:28:19,794: INFO: main: >>>>>>>>>> Stage Data Ingestion Stage completed <<<<<<<<<<

x==========x
[2025-11-19 11:28:19,794: INFO: main: >>>>>>>>>> Stage Data Validation Stage started <<<<<<<<<<
[2025-11-19 11:28:19,795: INFO: common: yaml file: config/config.yaml loaded successfully
[2025-11-19 11:28:19,795: INFO: common: yaml file: params.yaml loaded successfully
[2025-11-19 11:28:19,796: INFO: common: yaml file: schema.yaml loaded successfully
[2025-11-19 11:28:19,796: INFO: common: Created directory at: artifacts
[2025-11-19 11:28:19,796: INFO: common: Created directory at: artifacts/data_validation
[2025-11-19 11:28:19,799: INFO: main: >>>>>>>>>> Stage Data Validation Stage completed <<<<<<<<<<

x==========x
[2025-11-19 11:28:19,799: INFO: main: >>>>>>>>>> Stage Data Transformation Stage started <<<<<<<<<<
[2025-11-19 11:28:19,800: INFO: common: yaml file: config/config.yaml loaded successfully
[2025-11-19 11:28:19,800: INFO: common: yaml file: params.yaml loaded successfully
[2025-11-19 11:28:19,801: INFO: common: yaml file: schema.yaml loaded successfully
[2025-11-19 11:28:19,801: INFO: common: Created directory at: artifacts
[2025-11-19 11:28:19,801: INFO: common: Created directory at: artifacts/data_transformation
[2025-11-19 11:28:19,815: INFO: data_transformation: Splitted data into training and testingsets
[2025-11-19 11:28:19,815: INFO: data_transformation: (1199, 12)
[2025-11-19 11:28:19,815: INFO: data_transformation: (400, 12)
[2025-11-19 11:28:19,815: INFO: main: >>>>>>>>>> Stage Data Transformation Stage completed <<<<<<<<<<

x==========x
[2025-11-19 16:17:56,689: INFO: common: yaml file: config/config.yaml loaded successfully
[2025-11-19 16:17:56,697: INFO: common: yaml file: params.yaml loaded successfully
[2025-11-19 16:17:56,700: INFO: common: yaml file: schema.yaml loaded successfully
[2025-11-19 16:17:56,702: INFO: common: Created directory at: artifacts
[2025-11-19 16:19:40,636: INFO: common: yaml file: config/config.yaml loaded successfully
[2025-11-19 16:19:40,638: INFO: common: yaml file: params.yaml loaded successfully
[2025-11-19 16:19:40,640: INFO: common: yaml file: schema.yaml loaded successfully
[2025-11-19 16:19:40,641: INFO: common: Created directory at: artifacts
[2025-11-19 16:20:31,816: INFO: common: yaml file: config/config.yaml loaded successfully
[2025-11-19 16:20:31,818: INFO: common: yaml file: params.yaml loaded successfully
[2025-11-19 16:20:31,821: INFO: common: yaml file: schema.yaml loaded successfully
[2025-11-19 16:20:31,822: INFO: common: Created directory at: artifacts
[2025-11-19 16:20:40,739: INFO: common: yaml file: config/config.yaml loaded successfully
[2025-11-19 16:20:40,742: INFO: common: yaml file: params.yaml loaded successfully
[2025-11-19 16:20:40,744: INFO: common: yaml file: schema.yaml loaded successfully
[2025-11-19 16:20:40,745: INFO: common: Created directory at: artifacts
[2025-11-19 16:27:32,207: INFO: common: yaml file: config/config.yaml loaded successfully
[2025-11-19 16:27:32,209: INFO: common: yaml file: params.yaml loaded successfully
[2025-11-19 16:27:32,210: INFO: common: yaml file: schema.yaml loaded successfully
[2025-11-19 16:27:32,211: INFO: common: Created directory at: artifacts
[2025-11-19 16:27:42,607: INFO: common: yaml file: config/config.yaml loaded successfully
[2025-11-19 16:27:42,609: INFO: common: yaml file: params.yaml loaded successfully
[2025-11-19 16:27:42,611: INFO: common: yaml file: schema.yaml loaded successfully
[2025-11-19 16:27:42,612: INFO: common: Created directory at: artifacts
[2025-11-19 16:27:45,632: INFO: common: yaml file: config/config.yaml loaded successfully
[2025-11-19 16:27:45,633: INFO: common: yaml file: params.yaml loaded successfully
[2025-11-19 16:27:45,635: INFO: common: yaml file: schema.yaml loaded successfully
[2025-11-19 16:27:45,635: INFO: common: Created directory at: artifacts
[2025-11-19 16:31:45,728: INFO: common: yaml file: config/config.yaml loaded successfully
[2025-11-19 16:31:45,731: INFO: common: yaml file: params.yaml loaded successfully
[2025-11-19 16:31:45,733: INFO: common: yaml file: schema.yaml loaded successfully
[2025-11-19 16:31:45,733: INFO: common: Created directory at: artifacts
[2025-11-19 16:31:47,463: INFO: common: yaml file: config/config.yaml loaded successfully
[2025-11-19 16:31:47,465: INFO: common: yaml file: params.yaml loaded successfully
[2025-11-19 16:31:47,467: INFO: common: yaml file: schema.yaml loaded successfully
[2025-11-19 16:31:47,468: INFO: common: Created directory at: artifacts
[2025-11-19 16:32:45,794: INFO: common: yaml file: config/config.yaml loaded successfully
[2025-11-19 16:32:45,796: INFO: common: yaml file: params.yaml loaded successfully
[2025-11-19 16:32:45,798: INFO: common: yaml file: schema.yaml loaded successfully
[2025-11-19 16:32:45,798: INFO: common: Created directory at: artifacts
[2025-11-19 16:33:09,863: INFO: common: yaml file: config/config.yaml loaded successfully
[2025-11-19 16:33:09,865: INFO: common: yaml file: params.yaml loaded successfully
[2025-11-19 16:33:09,866: INFO: common: yaml file: schema.yaml loaded successfully
[2025-11-19 16:33:09,866: INFO: common: Created directory at: artifacts
[2025-11-19 16:37:38,342: INFO: common: yaml file: config/config.yaml loaded successfully
[2025-11-19 16:37:38,345: INFO: common: yaml file: params.yaml loaded successfully
[2025-11-19 16:37:38,347: INFO: common: yaml file: schema.yaml loaded successfully
[2025-11-19 16:37:38,348: INFO: common: Created directory at: artifacts
[2025-11-19 16:37:38,349: INFO: common: Created directory at: artifacts/model_trainer
[2025-11-19 16:37:40,070: INFO: common: yaml file: config/config.yaml loaded successfully
[2025-11-19 16:37:40,071: INFO: common: yaml file: params.yaml loaded successfully
[2025-11-19 16:37:40,073: INFO: common: yaml file: schema.yaml loaded successfully
[2025-11-19 16:37:40,073: INFO: common: Created directory at: artifacts
[2025-11-19 16:37:40,074: INFO: common: Created directory at: artifacts/model_trainer
[2025-11-19 16:38:02,059: INFO: common: yaml file: config/config.yaml loaded successfully
[2025-11-19 16:38:02,060: INFO: common: yaml file: params.yaml loaded successfully
[2025-11-19 16:38:02,062: INFO: common: yaml file: schema.yaml loaded successfully
[2025-11-19 16:38:02,063: INFO: common: Created directory at: artifacts
[2025-11-19 16:38:02,063: INFO: common: Created directory at: artifacts/model_trainer
[2025-11-19 16:55:26,162: INFO: main: >>>>>>>>>> Stage Data Ingestion Stage started <<<<<<<<<<
[2025-11-19 16:55:26,164: INFO: common: yaml file: config/config.yaml loaded successfully
[2025-11-19 16:55:26,164: INFO: common: yaml file: params.yaml loaded successfully
[2025-11-19 16:55:26,165: INFO: common: yaml file: schema.yaml loaded successfully
[2025-11-19 16:55:26,165: INFO: common: Created directory at: artifacts
[2025-11-19 16:55:26,165: INFO: common: Created directory at: artifacts/data_ingestion
[2025-11-19 16:55:26,166: INFO: data_ingestion: File already exists
[2025-11-19 16:55:26,168: INFO: main: >>>>>>>>>> Stage Data Ingestion Stage completed <<<<<<<<<<

x==========x
[2025-11-19 16:55:26,168: INFO: main: >>>>>>>>>> Stage Data Validation Stage started <<<<<<<<<<
[2025-11-19 16:55:26,169: INFO: common: yaml file: config/config.yaml loaded successfully
[2025-11-19 16:55:26,170: INFO: common: yaml file: params.yaml loaded successfully
[2025-11-19 16:55:26,170: INFO: common: yaml file: schema.yaml loaded successfully
[2025-11-19 16:55:26,170: INFO: common: Created directory at: artifacts
[2025-11-19 16:55:26,170: INFO: common: Created directory at: artifacts/data_validation
[2025-11-19 16:55:26,174: INFO: main: >>>>>>>>>> Stage Data Validation Stage completed <<<<<<<<<<

x==========x
[2025-11-19 16:55:26,174: INFO: main: >>>>>>>>>> Stage Data Transformation Stage started <<<<<<<<<<
[2025-11-19 16:55:26,175: INFO: common: yaml file: config/config.yaml loaded successfully
[2025-11-19 16:55:26,176: INFO: common: yaml file: params.yaml loaded successfully
[2025-11-19 16:55:26,176: INFO: common: yaml file: schema.yaml loaded successfully
[2025-11-19 16:55:26,176: INFO: common: Created directory at: artifacts
[2025-11-19 16:55:26,177: INFO: common: Created directory at: artifacts/data_transformation
[2025-11-19 16:55:26,188: INFO: data_transformation: Splitted data into training and testingsets
[2025-11-19 16:55:26,188: INFO: data_transformation: (1199, 12)
[2025-11-19 16:55:26,188: INFO: data_transformation: (400, 12)
[2025-11-19 16:55:26,188: INFO: main: >>>>>>>>>> Stage Data Transformation Stage completed <<<<<<<<<<

x==========x
[2025-11-19 16:55:26,188: INFO: main: >>>>>>>>>> Stage Model Trainer Stage started <<<<<<<<<<
[2025-11-19 16:55:26,189: INFO: common: yaml file: config/config.yaml loaded successfully
[2025-11-19 16:55:26,190: INFO: common: yaml file: params.yaml loaded successfully
[2025-11-19 16:55:26,190: INFO: common: yaml file: schema.yaml loaded successfully
[2025-11-19 16:55:26,190: INFO: common: Created directory at: artifacts
[2025-11-19 16:55:26,190: INFO: common: Created directory at: artifacts/model_trainer
[2025-11-19 16:55:26,190: ERROR: main: ModelTrainerConfig() takes no arguments
Traceback (most recent call last):
  File "/Users/rajusubba/Documents/MLOpsProject/datascienceproject/main.py", line 44, in <module>
    data_ingestion.initiate_model_training()
  File "/Users/rajusubba/Documents/MLOpsProject/datascienceproject/src/datascience/pipeline/model_trainer_pipeline.py", line 14, in initiate_model_training
    model_trainer_config = config.get_model_trainer_config()
                           ^^^^^^^^^^^^^^^^^^^^^^^^^^^^^^^^^
  File "/Users/rajusubba/Documents/MLOpsProject/datascienceproject/src/datascience/config/configuration.py", line 61, in get_model_trainer_config
    model_trainer_config = ModelTrainerConfig(
                           ^^^^^^^^^^^^^^^^^^^
TypeError: ModelTrainerConfig() takes no arguments
[2025-11-19 16:59:30,765: INFO: main: >>>>>>>>>> Stage Data Ingestion Stage started <<<<<<<<<<
[2025-11-19 16:59:30,775: INFO: common: yaml file: config/config.yaml loaded successfully
[2025-11-19 16:59:30,775: INFO: common: yaml file: params.yaml loaded successfully
[2025-11-19 16:59:30,776: INFO: common: yaml file: schema.yaml loaded successfully
[2025-11-19 16:59:30,776: INFO: common: Created directory at: artifacts
[2025-11-19 16:59:30,776: INFO: common: Created directory at: artifacts/data_ingestion
[2025-11-19 16:59:30,776: INFO: data_ingestion: File already exists
[2025-11-19 16:59:30,777: INFO: main: >>>>>>>>>> Stage Data Ingestion Stage completed <<<<<<<<<<

x==========x
[2025-11-19 16:59:30,777: INFO: main: >>>>>>>>>> Stage Data Validation Stage started <<<<<<<<<<
[2025-11-19 16:59:30,778: INFO: common: yaml file: config/config.yaml loaded successfully
[2025-11-19 16:59:30,779: INFO: common: yaml file: params.yaml loaded successfully
[2025-11-19 16:59:30,779: INFO: common: yaml file: schema.yaml loaded successfully
[2025-11-19 16:59:30,780: INFO: common: Created directory at: artifacts
[2025-11-19 16:59:30,780: INFO: common: Created directory at: artifacts/data_validation
[2025-11-19 16:59:30,784: INFO: main: >>>>>>>>>> Stage Data Validation Stage completed <<<<<<<<<<

x==========x
[2025-11-19 16:59:30,784: INFO: main: >>>>>>>>>> Stage Data Transformation Stage started <<<<<<<<<<
[2025-11-19 16:59:30,785: INFO: common: yaml file: config/config.yaml loaded successfully
[2025-11-19 16:59:30,785: INFO: common: yaml file: params.yaml loaded successfully
[2025-11-19 16:59:30,786: INFO: common: yaml file: schema.yaml loaded successfully
[2025-11-19 16:59:30,786: INFO: common: Created directory at: artifacts
[2025-11-19 16:59:30,786: INFO: common: Created directory at: artifacts/data_transformation
[2025-11-19 16:59:30,798: INFO: data_transformation: Splitted data into training and testingsets
[2025-11-19 16:59:30,798: INFO: data_transformation: (1199, 12)
[2025-11-19 16:59:30,798: INFO: data_transformation: (400, 12)
[2025-11-19 16:59:30,798: INFO: main: >>>>>>>>>> Stage Data Transformation Stage completed <<<<<<<<<<

x==========x
[2025-11-19 16:59:30,798: INFO: main: >>>>>>>>>> Stage Model Trainer Stage started <<<<<<<<<<
[2025-11-19 16:59:30,799: INFO: common: yaml file: config/config.yaml loaded successfully
[2025-11-19 16:59:30,799: INFO: common: yaml file: params.yaml loaded successfully
[2025-11-19 16:59:30,800: INFO: common: yaml file: schema.yaml loaded successfully
[2025-11-19 16:59:30,800: INFO: common: Created directory at: artifacts
[2025-11-19 16:59:30,800: INFO: common: Created directory at: artifacts/model_trainer
[2025-11-19 16:59:30,804: INFO: main: >>>>>>>>>> Stage Model Trainer Stage completed <<<<<<<<<<

x==========x
[2025-11-20 10:58:48,194: INFO: common: yaml file: config/config.yaml loaded successfully
[2025-11-20 10:58:48,200: INFO: common: yaml file: params.yaml loaded successfully
[2025-11-20 10:58:48,203: INFO: common: yaml file: schema.yaml loaded successfully
[2025-11-20 10:58:48,205: INFO: common: Created directory at: artifacts
[2025-11-20 11:01:41,364: INFO: common: yaml file: config/config.yaml loaded successfully
[2025-11-20 11:01:41,367: INFO: common: yaml file: params.yaml loaded successfully
[2025-11-20 11:01:41,369: INFO: common: yaml file: schema.yaml loaded successfully
[2025-11-20 11:01:41,370: INFO: common: Created directory at: artifacts
[2025-11-20 11:01:41,371: INFO: common: Created directory at: artifacts/model_evaluation
[2025-11-20 11:01:43,312: INFO: common: yaml file: config/config.yaml loaded successfully
[2025-11-20 11:01:43,315: INFO: common: yaml file: params.yaml loaded successfully
[2025-11-20 11:01:43,316: INFO: common: yaml file: schema.yaml loaded successfully
[2025-11-20 11:01:43,316: INFO: common: Created directory at: artifacts
[2025-11-20 11:01:43,317: INFO: common: Created directory at: artifacts/model_evaluation
[2025-11-20 11:02:38,698: INFO: common: yaml file: config/config.yaml loaded successfully
[2025-11-20 11:02:38,700: INFO: common: yaml file: params.yaml loaded successfully
[2025-11-20 11:02:38,701: INFO: common: yaml file: schema.yaml loaded successfully
[2025-11-20 11:02:38,702: INFO: common: Created directory at: artifacts
[2025-11-20 11:02:38,702: INFO: common: Created directory at: artifacts/model_evaluation
[2025-11-20 11:03:41,568: INFO: common: yaml file: config/config.yaml loaded successfully
[2025-11-20 11:03:41,571: INFO: common: yaml file: params.yaml loaded successfully
[2025-11-20 11:03:41,572: INFO: common: yaml file: schema.yaml loaded successfully
[2025-11-20 11:03:41,573: INFO: common: Created directory at: artifacts
[2025-11-20 11:03:41,573: INFO: common: Created directory at: artifacts/model_evaluation
[2025-11-20 11:08:57,569: INFO: common: yaml file: config/config.yaml loaded successfully
[2025-11-20 11:08:57,571: INFO: common: yaml file: params.yaml loaded successfully
[2025-11-20 11:08:57,573: INFO: common: yaml file: schema.yaml loaded successfully
[2025-11-20 11:08:57,573: INFO: common: Created directory at: artifacts
[2025-11-20 11:08:57,574: INFO: common: Created directory at: artifacts/model_evaluation
[2025-11-20 11:09:39,631: INFO: common: yaml file: config/config.yaml loaded successfully
[2025-11-20 11:09:39,633: INFO: common: yaml file: params.yaml loaded successfully
[2025-11-20 11:09:39,635: INFO: common: yaml file: schema.yaml loaded successfully
[2025-11-20 11:09:39,636: INFO: common: Created directory at: artifacts
[2025-11-20 11:09:39,636: INFO: common: Created directory at: artifacts/model_evaluation
[2025-11-20 11:14:33,380: INFO: common: yaml file: config/config.yaml loaded successfully
[2025-11-20 11:14:33,382: INFO: common: yaml file: params.yaml loaded successfully
[2025-11-20 11:14:33,383: INFO: common: yaml file: schema.yaml loaded successfully
[2025-11-20 11:14:33,384: INFO: common: Created directory at: artifacts
[2025-11-20 11:14:33,384: INFO: common: Created directory at: artifacts/model_evaluation
[2025-11-20 11:15:12,196: INFO: common: yaml file: config/config.yaml loaded successfully
[2025-11-20 11:15:12,198: INFO: common: yaml file: params.yaml loaded successfully
[2025-11-20 11:15:12,199: INFO: common: yaml file: schema.yaml loaded successfully
[2025-11-20 11:15:12,200: INFO: common: Created directory at: artifacts
[2025-11-20 11:15:12,200: INFO: common: Created directory at: artifacts/model_evaluation
[2025-11-20 11:15:54,567: INFO: common: yaml file: config/config.yaml loaded successfully
[2025-11-20 11:15:54,568: INFO: common: yaml file: params.yaml loaded successfully
[2025-11-20 11:15:54,569: INFO: common: yaml file: schema.yaml loaded successfully
[2025-11-20 11:15:54,570: INFO: common: Created directory at: artifacts
[2025-11-20 11:15:54,570: INFO: common: Created directory at: artifacts/model_evaluation
[2025-11-20 11:21:10,300: INFO: common: yaml file: config/config.yaml loaded successfully
[2025-11-20 11:21:10,302: INFO: common: yaml file: params.yaml loaded successfully
[2025-11-20 11:21:10,303: INFO: common: yaml file: schema.yaml loaded successfully
[2025-11-20 11:21:10,304: INFO: common: Created directory at: artifacts
[2025-11-20 11:21:10,305: INFO: common: Created directory at: artifacts/model_evaluation
[2025-11-20 11:21:58,213: INFO: common: yaml file: config/config.yaml loaded successfully
[2025-11-20 11:21:58,214: INFO: common: yaml file: params.yaml loaded successfully
[2025-11-20 11:21:58,216: INFO: common: yaml file: schema.yaml loaded successfully
[2025-11-20 11:21:58,216: INFO: common: Created directory at: artifacts
[2025-11-20 11:21:58,216: INFO: common: Created directory at: artifacts/model_evaluation
[2025-11-20 11:22:58,914: INFO: common: yaml file: config/config.yaml loaded successfully
[2025-11-20 11:22:58,915: INFO: common: yaml file: params.yaml loaded successfully
[2025-11-20 11:22:58,917: INFO: common: yaml file: schema.yaml loaded successfully
[2025-11-20 11:22:58,917: INFO: common: Created directory at: artifacts
[2025-11-20 11:22:58,918: INFO: common: Created directory at: artifacts/model_evaluation
[2025-11-20 11:26:26,585: INFO: common: yaml file: config/config.yaml loaded successfully
[2025-11-20 11:26:26,587: INFO: common: yaml file: params.yaml loaded successfully
[2025-11-20 11:26:26,589: INFO: common: yaml file: schema.yaml loaded successfully
[2025-11-20 11:26:26,590: INFO: common: Created directory at: artifacts
[2025-11-20 11:26:26,591: INFO: common: Created directory at: artifacts/model_evaluation
[2025-11-20 11:28:28,648: INFO: common: yaml file: config/config.yaml loaded successfully
[2025-11-20 11:28:28,650: INFO: common: yaml file: params.yaml loaded successfully
[2025-11-20 11:28:28,652: INFO: common: yaml file: schema.yaml loaded successfully
[2025-11-20 11:28:28,652: INFO: common: Created directory at: artifacts
[2025-11-20 11:28:28,653: INFO: common: Created directory at: artifacts/model_evaluation
[2025-11-20 11:29:56,727: INFO: common: yaml file: config/config.yaml loaded successfully
[2025-11-20 11:29:56,730: INFO: common: yaml file: params.yaml loaded successfully
[2025-11-20 11:29:56,731: INFO: common: yaml file: schema.yaml loaded successfully
[2025-11-20 11:29:56,731: INFO: common: Created directory at: artifacts
[2025-11-20 11:29:56,732: INFO: common: Created directory at: artifacts/model_evaluation
[2025-11-20 11:29:57,237: INFO: common: JSON file saved at: artifacts/model_evaluation/metric.json
[2025-11-20 11:35:33,475: INFO: common: yaml file: config/config.yaml loaded successfully
[2025-11-20 11:35:33,478: INFO: common: yaml file: params.yaml loaded successfully
[2025-11-20 11:35:33,479: INFO: common: yaml file: schema.yaml loaded successfully
[2025-11-20 11:35:33,480: INFO: common: Created directory at: artifacts
[2025-11-20 11:35:33,481: INFO: common: Created directory at: artifacts/model_evaluation
[2025-11-20 11:35:33,985: INFO: common: JSON file saved at: artifacts/model_evaluation/metric.json
[2025-11-20 11:36:31,937: INFO: common: yaml file: config/config.yaml loaded successfully
[2025-11-20 11:36:31,939: INFO: common: yaml file: params.yaml loaded successfully
[2025-11-20 11:36:31,941: INFO: common: yaml file: schema.yaml loaded successfully
[2025-11-20 11:36:31,941: INFO: common: Created directory at: artifacts
[2025-11-20 11:36:31,942: INFO: common: Created directory at: artifacts/model_evaluation
[2025-11-20 11:36:32,420: INFO: common: JSON file saved at: artifacts/model_evaluation/metric.json
[2025-11-20 11:40:24,234: INFO: common: yaml file: config/config.yaml loaded successfully
[2025-11-20 11:40:24,239: INFO: common: yaml file: params.yaml loaded successfully
[2025-11-20 11:40:24,241: INFO: common: yaml file: schema.yaml loaded successfully
[2025-11-20 11:40:24,242: INFO: common: Created directory at: artifacts
[2025-11-20 11:40:24,243: INFO: common: Created directory at: artifacts/model_evaluation
[2025-11-20 11:40:24,654: INFO: common: JSON file saved at: artifacts/model_evaluation/metric.json
[2025-11-20 11:42:05,263: INFO: common: yaml file: config/config.yaml loaded successfully
[2025-11-20 11:42:05,267: INFO: common: yaml file: params.yaml loaded successfully
[2025-11-20 11:42:05,271: INFO: common: yaml file: schema.yaml loaded successfully
[2025-11-20 11:42:05,272: INFO: common: Created directory at: artifacts
[2025-11-20 11:42:05,274: INFO: common: Created directory at: artifacts/model_evaluation
[2025-11-20 11:42:05,663: INFO: common: JSON file saved at: artifacts/model_evaluation/metric.json
[2025-11-20 11:45:16,813: INFO: common: yaml file: config/config.yaml loaded successfully
[2025-11-20 11:45:16,815: INFO: common: yaml file: params.yaml loaded successfully
[2025-11-20 11:45:16,817: INFO: common: yaml file: schema.yaml loaded successfully
[2025-11-20 11:45:16,818: INFO: common: Created directory at: artifacts
[2025-11-20 11:45:16,818: INFO: common: Created directory at: artifacts/model_evaluation
[2025-11-20 11:45:17,360: INFO: common: JSON file saved at: artifacts/model_evaluation/metric.json
[2025-11-20 12:43:26,435: INFO: main: >>>>>>>>>> Stage Data Ingestion Stage started <<<<<<<<<<
[2025-11-20 12:43:26,437: INFO: common: yaml file: config/config.yaml loaded successfully
[2025-11-20 12:43:26,439: INFO: common: yaml file: params.yaml loaded successfully
[2025-11-20 12:43:26,440: INFO: common: yaml file: schema.yaml loaded successfully
[2025-11-20 12:43:26,440: INFO: common: Created directory at: artifacts
[2025-11-20 12:43:26,440: INFO: common: Created directory at: artifacts/data_ingestion
[2025-11-20 12:43:26,440: INFO: data_ingestion: File already exists
[2025-11-20 12:43:26,443: INFO: main: >>>>>>>>>> Stage Data Ingestion Stage completed <<<<<<<<<<

x==========x
[2025-11-20 12:43:26,443: INFO: main: >>>>>>>>>> Stage Data Validation Stage started <<<<<<<<<<
[2025-11-20 12:43:26,444: INFO: common: yaml file: config/config.yaml loaded successfully
[2025-11-20 12:43:26,444: INFO: common: yaml file: params.yaml loaded successfully
[2025-11-20 12:43:26,445: INFO: common: yaml file: schema.yaml loaded successfully
[2025-11-20 12:43:26,446: INFO: common: Created directory at: artifacts
[2025-11-20 12:43:26,446: INFO: common: Created directory at: artifacts/data_validation
[2025-11-20 12:43:26,452: INFO: main: >>>>>>>>>> Stage Data Validation Stage completed <<<<<<<<<<

x==========x
[2025-11-20 12:43:26,452: INFO: main: >>>>>>>>>> Stage Data Transformation Stage started <<<<<<<<<<
[2025-11-20 12:43:26,453: INFO: common: yaml file: config/config.yaml loaded successfully
[2025-11-20 12:43:26,453: INFO: common: yaml file: params.yaml loaded successfully
[2025-11-20 12:43:26,454: INFO: common: yaml file: schema.yaml loaded successfully
[2025-11-20 12:43:26,454: INFO: common: Created directory at: artifacts
[2025-11-20 12:43:26,454: INFO: common: Created directory at: artifacts/data_transformation
[2025-11-20 12:43:26,470: INFO: data_transformation: Splitted data into training and testingsets
[2025-11-20 12:43:26,470: INFO: data_transformation: (1199, 12)
[2025-11-20 12:43:26,470: INFO: data_transformation: (400, 12)
[2025-11-20 12:43:26,470: INFO: main: >>>>>>>>>> Stage Data Transformation Stage completed <<<<<<<<<<

x==========x
[2025-11-20 12:43:26,470: INFO: main: >>>>>>>>>> Stage Model Trainer Stage started <<<<<<<<<<
[2025-11-20 12:43:26,472: INFO: common: yaml file: config/config.yaml loaded successfully
[2025-11-20 12:43:26,472: INFO: common: yaml file: params.yaml loaded successfully
[2025-11-20 12:43:26,472: INFO: common: yaml file: schema.yaml loaded successfully
[2025-11-20 12:43:26,473: INFO: common: Created directory at: artifacts
[2025-11-20 12:43:26,473: INFO: common: Created directory at: artifacts/model_trainer
[2025-11-20 12:43:26,479: INFO: main: >>>>>>>>>> Stage Model Trainer Stage completed <<<<<<<<<<

x==========x
[2025-11-20 12:43:26,479: INFO: main: >>>>>>>>>> Stage Model Evaluation Stage started <<<<<<<<<<
[2025-11-20 12:43:26,480: INFO: common: yaml file: config/config.yaml loaded successfully
[2025-11-20 12:43:26,481: INFO: common: yaml file: params.yaml loaded successfully
[2025-11-20 12:43:26,481: INFO: common: yaml file: schema.yaml loaded successfully
[2025-11-20 12:43:26,482: INFO: common: Created directory at: artifacts
[2025-11-20 12:43:26,482: INFO: common: Created directory at: artifacts/model_evaluation
[2025-11-20 12:43:27,190: ERROR: main: API request to endpoint /api/2.0/mlflow/runs/create failed with error code 403 != 200. Response body: ''
Traceback (most recent call last):
  File "/Users/rajusubba/Documents/MLOpsProject/datascienceproject/main.py", line 56, in <module>
    model_evaluation.initiate_model_evaluation()
  File "/Users/rajusubba/Documents/MLOpsProject/datascienceproject/src/datascience/pipeline/model_evaluation_pipeline.py", line 14, in initiate_model_evaluation
    model_evaluation.log_into_mlflow()
  File "/Users/rajusubba/Documents/MLOpsProject/datascienceproject/src/datascience/components/model_evaluation.py", line 34, in log_into_mlflow
    with mlflow.start_run():
         ^^^^^^^^^^^^^^^^^^
  File "/Users/rajusubba/Documents/MLOpsProject/datascienceproject/venv/lib/python3.11/site-packages/mlflow/tracking/fluent.py", line 478, in start_run
    active_run_obj = client.create_run(
                     ^^^^^^^^^^^^^^^^^^
  File "/Users/rajusubba/Documents/MLOpsProject/datascienceproject/venv/lib/python3.11/site-packages/mlflow/tracking/client.py", line 479, in create_run
    return self._tracking_client.create_run(experiment_id, start_time, tags, run_name)
           ^^^^^^^^^^^^^^^^^^^^^^^^^^^^^^^^^^^^^^^^^^^^^^^^^^^^^^^^^^^^^^^^^^^^^^^^^^^
  File "/Users/rajusubba/Documents/MLOpsProject/datascienceproject/venv/lib/python3.11/site-packages/mlflow/telemetry/track.py", line 30, in wrapper
    result = func(*args, **kwargs)
             ^^^^^^^^^^^^^^^^^^^^^
  File "/Users/rajusubba/Documents/MLOpsProject/datascienceproject/venv/lib/python3.11/site-packages/mlflow/tracking/_tracking_service/client.py", line 183, in create_run
    return self.store.create_run(
           ^^^^^^^^^^^^^^^^^^^^^^
  File "/Users/rajusubba/Documents/MLOpsProject/datascienceproject/venv/lib/python3.11/site-packages/mlflow/store/tracking/rest_store.py", line 340, in create_run
    response_proto = self._call_endpoint(CreateRun, req_body)
                     ^^^^^^^^^^^^^^^^^^^^^^^^^^^^^^^^^^^^^^^^
  File "/Users/rajusubba/Documents/MLOpsProject/datascienceproject/venv/lib/python3.11/site-packages/mlflow/store/tracking/rest_store.py", line 203, in _call_endpoint
    return call_endpoint(
           ^^^^^^^^^^^^^^
  File "/Users/rajusubba/Documents/MLOpsProject/datascienceproject/venv/lib/python3.11/site-packages/mlflow/utils/rest_utils.py", line 596, in call_endpoint
    response = verify_rest_response(response, endpoint)
               ^^^^^^^^^^^^^^^^^^^^^^^^^^^^^^^^^^^^^^^^
  File "/Users/rajusubba/Documents/MLOpsProject/datascienceproject/venv/lib/python3.11/site-packages/mlflow/utils/rest_utils.py", line 321, in verify_rest_response
    raise MlflowException(
mlflow.exceptions.MlflowException: API request to endpoint /api/2.0/mlflow/runs/create failed with error code 403 != 200. Response body: ''
[2025-11-20 12:47:42,137: INFO: main: >>>>>>>>>> Stage Data Ingestion Stage started <<<<<<<<<<
[2025-11-20 12:47:42,141: INFO: common: yaml file: config/config.yaml loaded successfully
[2025-11-20 12:47:42,141: INFO: common: yaml file: params.yaml loaded successfully
[2025-11-20 12:47:42,142: INFO: common: yaml file: schema.yaml loaded successfully
[2025-11-20 12:47:42,142: INFO: common: Created directory at: artifacts
[2025-11-20 12:47:42,142: INFO: common: Created directory at: artifacts/data_ingestion
[2025-11-20 12:47:42,142: INFO: data_ingestion: File already exists
[2025-11-20 12:47:42,144: INFO: main: >>>>>>>>>> Stage Data Ingestion Stage completed <<<<<<<<<<

x==========x
[2025-11-20 12:47:42,144: INFO: main: >>>>>>>>>> Stage Data Validation Stage started <<<<<<<<<<
[2025-11-20 12:47:42,145: INFO: common: yaml file: config/config.yaml loaded successfully
[2025-11-20 12:47:42,145: INFO: common: yaml file: params.yaml loaded successfully
[2025-11-20 12:47:42,146: INFO: common: yaml file: schema.yaml loaded successfully
[2025-11-20 12:47:42,146: INFO: common: Created directory at: artifacts
[2025-11-20 12:47:42,146: INFO: common: Created directory at: artifacts/data_validation
[2025-11-20 12:47:42,150: INFO: main: >>>>>>>>>> Stage Data Validation Stage completed <<<<<<<<<<

x==========x
[2025-11-20 12:47:42,150: INFO: main: >>>>>>>>>> Stage Data Transformation Stage started <<<<<<<<<<
[2025-11-20 12:47:42,152: INFO: common: yaml file: config/config.yaml loaded successfully
[2025-11-20 12:47:42,152: INFO: common: yaml file: params.yaml loaded successfully
[2025-11-20 12:47:42,153: INFO: common: yaml file: schema.yaml loaded successfully
[2025-11-20 12:47:42,153: INFO: common: Created directory at: artifacts
[2025-11-20 12:47:42,153: INFO: common: Created directory at: artifacts/data_transformation
[2025-11-20 12:47:42,164: INFO: data_transformation: Splitted data into training and testingsets
[2025-11-20 12:47:42,164: INFO: data_transformation: (1199, 12)
[2025-11-20 12:47:42,164: INFO: data_transformation: (400, 12)
[2025-11-20 12:47:42,164: INFO: main: >>>>>>>>>> Stage Data Transformation Stage completed <<<<<<<<<<

x==========x
[2025-11-20 12:47:42,164: INFO: main: >>>>>>>>>> Stage Model Trainer Stage started <<<<<<<<<<
[2025-11-20 12:47:42,165: INFO: common: yaml file: config/config.yaml loaded successfully
[2025-11-20 12:47:42,165: INFO: common: yaml file: params.yaml loaded successfully
[2025-11-20 12:47:42,166: INFO: common: yaml file: schema.yaml loaded successfully
[2025-11-20 12:47:42,166: INFO: common: Created directory at: artifacts
[2025-11-20 12:47:42,166: INFO: common: Created directory at: artifacts/model_trainer
[2025-11-20 12:47:42,170: INFO: main: >>>>>>>>>> Stage Model Trainer Stage completed <<<<<<<<<<

x==========x
[2025-11-20 12:47:42,170: INFO: main: >>>>>>>>>> Stage Model Evaluation Stage started <<<<<<<<<<
[2025-11-20 12:47:42,171: INFO: common: yaml file: config/config.yaml loaded successfully
[2025-11-20 12:47:42,172: INFO: common: yaml file: params.yaml loaded successfully
[2025-11-20 12:47:42,172: INFO: common: yaml file: schema.yaml loaded successfully
[2025-11-20 12:47:42,172: INFO: common: Created directory at: artifacts
[2025-11-20 12:47:42,172: INFO: common: Created directory at: artifacts/model_evaluation
[2025-11-20 12:47:42,905: ERROR: main: API request to endpoint /api/2.0/mlflow/runs/create failed with error code 403 != 200. Response body: ''
Traceback (most recent call last):
  File "/Users/rajusubba/Documents/MLOpsProject/datascienceproject/main.py", line 56, in <module>
    model_evaluation.initiate_model_evaluation()
  File "/Users/rajusubba/Documents/MLOpsProject/datascienceproject/src/datascience/pipeline/model_evaluation_pipeline.py", line 14, in initiate_model_evaluation
    model_evaluation.log_into_mlflow()
  File "/Users/rajusubba/Documents/MLOpsProject/datascienceproject/src/datascience/components/model_evaluation.py", line 36, in log_into_mlflow
    with mlflow.start_run():
         ^^^^^^^^^^^^^^^^^^
  File "/Users/rajusubba/Documents/MLOpsProject/datascienceproject/venv/lib/python3.11/site-packages/mlflow/tracking/fluent.py", line 478, in start_run
    active_run_obj = client.create_run(
                     ^^^^^^^^^^^^^^^^^^
  File "/Users/rajusubba/Documents/MLOpsProject/datascienceproject/venv/lib/python3.11/site-packages/mlflow/tracking/client.py", line 479, in create_run
    return self._tracking_client.create_run(experiment_id, start_time, tags, run_name)
           ^^^^^^^^^^^^^^^^^^^^^^^^^^^^^^^^^^^^^^^^^^^^^^^^^^^^^^^^^^^^^^^^^^^^^^^^^^^
  File "/Users/rajusubba/Documents/MLOpsProject/datascienceproject/venv/lib/python3.11/site-packages/mlflow/telemetry/track.py", line 30, in wrapper
    result = func(*args, **kwargs)
             ^^^^^^^^^^^^^^^^^^^^^
  File "/Users/rajusubba/Documents/MLOpsProject/datascienceproject/venv/lib/python3.11/site-packages/mlflow/tracking/_tracking_service/client.py", line 183, in create_run
    return self.store.create_run(
           ^^^^^^^^^^^^^^^^^^^^^^
  File "/Users/rajusubba/Documents/MLOpsProject/datascienceproject/venv/lib/python3.11/site-packages/mlflow/store/tracking/rest_store.py", line 340, in create_run
    response_proto = self._call_endpoint(CreateRun, req_body)
                     ^^^^^^^^^^^^^^^^^^^^^^^^^^^^^^^^^^^^^^^^
  File "/Users/rajusubba/Documents/MLOpsProject/datascienceproject/venv/lib/python3.11/site-packages/mlflow/store/tracking/rest_store.py", line 203, in _call_endpoint
    return call_endpoint(
           ^^^^^^^^^^^^^^
  File "/Users/rajusubba/Documents/MLOpsProject/datascienceproject/venv/lib/python3.11/site-packages/mlflow/utils/rest_utils.py", line 596, in call_endpoint
    response = verify_rest_response(response, endpoint)
               ^^^^^^^^^^^^^^^^^^^^^^^^^^^^^^^^^^^^^^^^
  File "/Users/rajusubba/Documents/MLOpsProject/datascienceproject/venv/lib/python3.11/site-packages/mlflow/utils/rest_utils.py", line 321, in verify_rest_response
    raise MlflowException(
mlflow.exceptions.MlflowException: API request to endpoint /api/2.0/mlflow/runs/create failed with error code 403 != 200. Response body: ''
[2025-11-20 12:52:25,858: INFO: main: >>>>>>>>>> Stage Data Ingestion Stage started <<<<<<<<<<
[2025-11-20 12:52:25,862: INFO: common: yaml file: config/config.yaml loaded successfully
[2025-11-20 12:52:25,863: INFO: common: yaml file: params.yaml loaded successfully
[2025-11-20 12:52:25,863: INFO: common: yaml file: schema.yaml loaded successfully
[2025-11-20 12:52:25,863: INFO: common: Created directory at: artifacts
[2025-11-20 12:52:25,864: INFO: common: Created directory at: artifacts/data_ingestion
[2025-11-20 12:52:25,864: INFO: data_ingestion: File already exists
[2025-11-20 12:52:25,865: INFO: main: >>>>>>>>>> Stage Data Ingestion Stage completed <<<<<<<<<<

x==========x
[2025-11-20 12:52:25,865: INFO: main: >>>>>>>>>> Stage Data Validation Stage started <<<<<<<<<<
[2025-11-20 12:52:25,866: INFO: common: yaml file: config/config.yaml loaded successfully
[2025-11-20 12:52:25,867: INFO: common: yaml file: params.yaml loaded successfully
[2025-11-20 12:52:25,867: INFO: common: yaml file: schema.yaml loaded successfully
[2025-11-20 12:52:25,867: INFO: common: Created directory at: artifacts
[2025-11-20 12:52:25,867: INFO: common: Created directory at: artifacts/data_validation
[2025-11-20 12:52:25,871: INFO: main: >>>>>>>>>> Stage Data Validation Stage completed <<<<<<<<<<

x==========x
[2025-11-20 12:52:25,871: INFO: main: >>>>>>>>>> Stage Data Transformation Stage started <<<<<<<<<<
[2025-11-20 12:52:25,873: INFO: common: yaml file: config/config.yaml loaded successfully
[2025-11-20 12:52:25,873: INFO: common: yaml file: params.yaml loaded successfully
[2025-11-20 12:52:25,874: INFO: common: yaml file: schema.yaml loaded successfully
[2025-11-20 12:52:25,874: INFO: common: Created directory at: artifacts
[2025-11-20 12:52:25,874: INFO: common: Created directory at: artifacts/data_transformation
[2025-11-20 12:52:25,884: INFO: data_transformation: Splitted data into training and testingsets
[2025-11-20 12:52:25,884: INFO: data_transformation: (1199, 12)
[2025-11-20 12:52:25,884: INFO: data_transformation: (400, 12)
[2025-11-20 12:52:25,885: INFO: main: >>>>>>>>>> Stage Data Transformation Stage completed <<<<<<<<<<

x==========x
[2025-11-20 12:52:25,885: INFO: main: >>>>>>>>>> Stage Model Trainer Stage started <<<<<<<<<<
[2025-11-20 12:52:25,886: INFO: common: yaml file: config/config.yaml loaded successfully
[2025-11-20 12:52:25,886: INFO: common: yaml file: params.yaml loaded successfully
[2025-11-20 12:52:25,887: INFO: common: yaml file: schema.yaml loaded successfully
[2025-11-20 12:52:25,887: INFO: common: Created directory at: artifacts
[2025-11-20 12:52:25,887: INFO: common: Created directory at: artifacts/model_trainer
[2025-11-20 12:52:25,895: INFO: main: >>>>>>>>>> Stage Model Trainer Stage completed <<<<<<<<<<

x==========x
[2025-11-20 12:52:25,895: INFO: main: >>>>>>>>>> Stage Model Evaluation Stage started <<<<<<<<<<
[2025-11-20 12:52:25,897: INFO: common: yaml file: config/config.yaml loaded successfully
[2025-11-20 12:52:25,897: INFO: common: yaml file: params.yaml loaded successfully
[2025-11-20 12:52:25,898: INFO: common: yaml file: schema.yaml loaded successfully
[2025-11-20 12:52:25,898: INFO: common: Created directory at: artifacts
[2025-11-20 12:52:25,898: INFO: common: Created directory at: artifacts/model_evaluation
[2025-11-20 12:52:26,877: INFO: common: JSON file saved at: artifacts/model_evaluation/metric.json
[2025-11-20 12:52:28,511: INFO: main: >>>>>>>>>> Stage Model Evaluation Stage completed <<<<<<<<<<

x==========x
